2021-03-16T02:40:53,511+07 INFO jarwitch.Main - logging in to Discord
2021-03-16T02:40:53,512+07 INFO jarwitch.Main - preloading setup() methods
2021-03-16T02:40:53,569+07 INFO jarwitch.Main - setup() methods preloaded
2021-03-16T02:40:54,477+07 INFO jarwitch.Main - logged in to Discord as >> 'Jarwitch#3897' [818008080897671208]
2021-03-16T02:40:54,568+07 INFO jarwitch.data.Settings - Connected to database at voidweaver.dev:27017
2021-03-16T02:41:08,835+07 INFO jarwitch.Main - logging in to Discord
2021-03-16T02:41:08,836+07 INFO jarwitch.Main - preloading setup() methods
2021-03-16T02:41:08,902+07 INFO jarwitch.Main - setup() methods preloaded
2021-03-16T02:41:09,663+07 INFO jarwitch.Main - logged in to Discord as >> 'Jarwitch#3897' [818008080897671208]
2021-03-16T02:41:09,753+07 INFO jarwitch.data.Settings - Connected to database at voidweaver.dev:27017
2021-03-16T02:48:27,322+07 INFO jarwitch.Main - logging in to Discord
2021-03-16T02:48:27,323+07 INFO jarwitch.Main - preloading setup() methods
2021-03-16T02:48:27,365+07 INFO jarwitch.Main - setup() methods preloaded
2021-03-16T02:48:28,429+07 INFO jarwitch.Main - logged in to Discord as >> 'Jarwitch#3897' [818008080897671208]
2021-03-16T02:48:28,669+07 INFO jarwitch.data.Settings - Connected to database at voidweaver.dev:27017
2021-03-16T02:49:19,320+07 INFO jarwitch.Main - logging in to Discord
2021-03-16T02:49:19,320+07 INFO jarwitch.Main - preloading setup() methods
2021-03-16T02:49:19,363+07 INFO jarwitch.Main - setup() methods preloaded
2021-03-16T02:49:20,152+07 INFO jarwitch.Main - logged in to Discord as >> 'Jarwitch#3897' [818008080897671208]
2021-03-16T02:49:20,249+07 INFO jarwitch.data.Settings - Connected to database at voidweaver.dev:27017
2021-03-16T02:53:32,341+07 INFO jarwitch.Main - logging in to Discord
2021-03-16T02:53:32,342+07 INFO jarwitch.Main - preloading setup() methods
2021-03-16T02:53:32,377+07 INFO jarwitch.Main - setup() methods preloaded
2021-03-16T02:53:33,470+07 INFO jarwitch.Main - logged in to Discord as >> 'Jarwitch#3897' [818008080897671208]
2021-03-16T02:53:33,561+07 INFO jarwitch.data.Settings - Connected to database at voidweaver.dev:27017
2021-03-16T02:55:00,252+07 INFO jarwitch.Main - logging in to Discord
2021-03-16T02:55:00,253+07 INFO jarwitch.Main - preloading setup() methods
2021-03-16T02:55:00,300+07 INFO jarwitch.Main - setup() methods preloaded
2021-03-16T02:55:01,072+07 INFO jarwitch.Main - logged in to Discord as >> 'Jarwitch#3897' [818008080897671208]
2021-03-16T02:55:01,159+07 INFO jarwitch.data.Settings - Connected to database at voidweaver.dev:27017
2021-03-16T02:55:18,760+07 INFO jarwitch.Main - logging in to Discord
2021-03-16T02:55:18,760+07 INFO jarwitch.Main - preloading setup() methods
2021-03-16T02:55:18,799+07 INFO jarwitch.Main - setup() methods preloaded
2021-03-16T02:55:19,551+07 INFO jarwitch.Main - logged in to Discord as >> 'Jarwitch#3897' [818008080897671208]
2021-03-16T02:55:19,639+07 INFO jarwitch.data.Settings - Connected to database at voidweaver.dev:27017
2021-03-16T02:56:41,178+07 INFO jarwitch.Main - logging in to Discord
2021-03-16T02:56:41,179+07 INFO jarwitch.Main - preloading setup() methods
2021-03-16T02:56:41,248+07 INFO jarwitch.Main - setup() methods preloaded
2021-03-16T02:56:41,980+07 INFO jarwitch.Main - logged in to Discord as >> 'Jarwitch#3897' [818008080897671208]
2021-03-16T02:56:42,084+07 INFO jarwitch.data.Settings - Connected to database at voidweaver.dev:27017
2021-03-16T03:00:23,870+07 INFO jarwitch.Main - logging in to Discord
2021-03-16T03:00:23,870+07 INFO jarwitch.Main - preloading setup() methods
2021-03-16T03:00:23,926+07 INFO jarwitch.Main - setup() methods preloaded
2021-03-16T03:00:24,933+07 INFO jarwitch.Main - logged in to Discord as >> 'Jarwitch#3897' [818008080897671208]
2021-03-16T03:00:25,029+07 INFO jarwitch.data.Settings - Connected to database at voidweaver.dev:27017
2021-03-16T03:02:37,406+07 INFO jarwitch.Main - logging in to Discord
2021-03-16T03:02:37,406+07 INFO jarwitch.Main - preloading setup() methods
2021-03-16T03:02:37,449+07 INFO jarwitch.Main - setup() methods preloaded
2021-03-16T03:02:38,169+07 INFO jarwitch.Main - logged in to Discord as >> 'Jarwitch#3897' [818008080897671208]
2021-03-16T03:02:38,258+07 INFO jarwitch.data.Settings - Connected to database at voidweaver.dev:27017
2021-03-16T03:04:00,284+07 INFO jarwitch.Main - logging in to Discord
2021-03-16T03:04:00,285+07 INFO jarwitch.Main - preloading setup() methods
2021-03-16T03:04:00,344+07 INFO jarwitch.Main - setup() methods preloaded
2021-03-16T03:04:01,292+07 INFO jarwitch.Main - logged in to Discord as >> 'Jarwitch#3897' [818008080897671208]
2021-03-16T03:04:01,393+07 INFO jarwitch.data.Settings - Connected to database at voidweaver.dev:27017
2021-03-16T03:04:38,841+07 INFO jarwitch.Main - logging in to Discord
2021-03-16T03:04:38,842+07 INFO jarwitch.Main - preloading setup() methods
2021-03-16T03:04:38,905+07 INFO jarwitch.Main - setup() methods preloaded
2021-03-16T03:04:39,736+07 INFO jarwitch.Main - logged in to Discord as >> 'Jarwitch#3897' [818008080897671208]
2021-03-16T03:04:39,889+07 INFO jarwitch.data.Settings - Connected to database at voidweaver.dev:27017
2021-03-16T03:06:10,084+07 INFO jarwitch.Main - logging in to Discord
2021-03-16T03:06:10,084+07 INFO jarwitch.Main - preloading setup() methods
2021-03-16T03:06:10,150+07 INFO jarwitch.Main - setup() methods preloaded
2021-03-16T03:06:10,915+07 INFO jarwitch.Main - logged in to Discord as >> 'Jarwitch#3897' [818008080897671208]
2021-03-16T03:06:11,033+07 INFO jarwitch.data.Settings - Connected to database at voidweaver.dev:27017
2021-03-16T03:08:50,393+07 INFO jarwitch.Main - logging in to Discord
2021-03-16T03:08:50,394+07 INFO jarwitch.Main - preloading setup() methods
2021-03-16T03:08:50,444+07 INFO jarwitch.Main - setup() methods preloaded
2021-03-16T03:08:51,457+07 INFO jarwitch.Main - logged in to Discord as >> 'Jarwitch#3897' [818008080897671208]
2021-03-16T03:08:51,587+07 INFO jarwitch.data.Settings - Connected to database at voidweaver.dev:27017
2021-03-16T03:10:43,650+07 INFO jarwitch.Main - logging in to Discord
2021-03-16T03:10:43,651+07 INFO jarwitch.Main - preloading setup() methods
2021-03-16T03:10:43,700+07 INFO jarwitch.Main - setup() methods preloaded
2021-03-16T03:10:44,472+07 INFO jarwitch.Main - logged in to Discord as >> 'Jarwitch#3897' [818008080897671208]
2021-03-16T03:10:44,572+07 INFO jarwitch.data.Settings - Connected to database at voidweaver.dev:27017
2021-03-16T03:10:59,323+07 INFO jarwitch.Main - logging in to Discord
2021-03-16T03:10:59,324+07 INFO jarwitch.Main - preloading setup() methods
2021-03-16T03:10:59,395+07 INFO jarwitch.Main - setup() methods preloaded
2021-03-16T03:11:00,180+07 INFO jarwitch.Main - logged in to Discord as >> 'Jarwitch#3897' [818008080897671208]
2021-03-16T03:11:00,292+07 INFO jarwitch.data.Settings - Connected to database at voidweaver.dev:27017
2021-03-16T03:15:06,436+07 INFO jarwitch.Main - logging in to Discord
2021-03-16T03:15:06,437+07 INFO jarwitch.Main - preloading setup() methods
2021-03-16T03:15:06,489+07 INFO jarwitch.Main - setup() methods preloaded
2021-03-16T03:15:07,514+07 INFO jarwitch.Main - logged in to Discord as >> 'Jarwitch#3897' [818008080897671208]
2021-03-16T03:15:07,619+07 INFO jarwitch.data.Settings - Connected to database at voidweaver.dev:27017
2021-03-16T03:16:19,599+07 INFO jarwitch.Main - logging in to Discord
2021-03-16T03:16:19,600+07 INFO jarwitch.Main - preloading setup() methods
2021-03-16T03:16:19,648+07 INFO jarwitch.Main - setup() methods preloaded
2021-03-16T03:16:20,382+07 INFO jarwitch.Main - logged in to Discord as >> 'Jarwitch#3897' [818008080897671208]
2021-03-16T03:16:20,478+07 INFO jarwitch.data.Settings - Connected to database at voidweaver.dev:27017
2021-03-16T03:16:56,139+07 INFO jarwitch.Main - logging in to Discord
2021-03-16T03:16:56,139+07 INFO jarwitch.Main - preloading setup() methods
2021-03-16T03:16:56,184+07 INFO jarwitch.Main - setup() methods preloaded
2021-03-16T03:16:56,902+07 INFO jarwitch.Main - logged in to Discord as >> 'Jarwitch#3897' [818008080897671208]
2021-03-16T03:16:56,999+07 INFO jarwitch.data.Settings - Connected to database at voidweaver.dev:27017
2021-03-16T03:17:38,239+07 INFO jarwitch.Main - logging in to Discord
2021-03-16T03:17:38,240+07 INFO jarwitch.Main - preloading setup() methods
2021-03-16T03:17:38,531+07 INFO jarwitch.Main - setup() methods preloaded
2021-03-16T03:17:39,400+07 INFO jarwitch.Main - logged in to Discord as >> 'Jarwitch#3897' [818008080897671208]
2021-03-16T03:17:39,641+07 INFO jarwitch.data.Settings - Connected to database at voidweaver.dev:27017
2021-03-16T03:19:49,155+07 INFO jarwitch.Main - logging in to Discord
2021-03-16T03:19:49,155+07 INFO jarwitch.Main - preloading setup() methods
2021-03-16T03:19:49,195+07 INFO jarwitch.Main - setup() methods preloaded
2021-03-16T03:19:50,211+07 INFO jarwitch.Main - logged in to Discord as >> 'Jarwitch#3897' [818008080897671208]
2021-03-16T03:19:50,306+07 INFO jarwitch.data.Settings - Connected to database at voidweaver.dev:27017
2021-03-16T03:23:23,752+07 INFO jarwitch.Main - logging in to Discord
2021-03-16T03:23:23,752+07 INFO jarwitch.Main - preloading setup() methods
2021-03-16T03:23:23,792+07 INFO jarwitch.Main - setup() methods preloaded
2021-03-16T03:23:24,831+07 INFO jarwitch.Main - logged in to Discord as >> 'Jarwitch#3897' [818008080897671208]
2021-03-16T03:23:24,925+07 INFO jarwitch.data.Settings - Connected to database at voidweaver.dev:27017
2021-03-16T03:37:56,170+07 INFO jarwitch.Main - logging in to Discord
2021-03-16T03:37:56,170+07 INFO jarwitch.Main - preloading setup() methods
2021-03-16T03:37:56,205+07 INFO jarwitch.Main - setup() methods preloaded
2021-03-16T03:37:57,154+07 INFO jarwitch.Main - logged in to Discord as >> 'Jarwitch#3897' [818008080897671208]
2021-03-16T03:37:57,350+07 INFO jarwitch.data.Settings - Connected to database at voidweaver.dev:27017
2021-03-16T03:40:49,863+07 INFO jarwitch.Main - logging in to Discord
2021-03-16T03:40:49,864+07 INFO jarwitch.Main - preloading setup() methods
2021-03-16T03:40:49,901+07 INFO jarwitch.Main - setup() methods preloaded
2021-03-16T03:40:50,888+07 INFO jarwitch.Main - logged in to Discord as >> 'Jarwitch#3897' [818008080897671208]
2021-03-16T03:40:50,990+07 INFO jarwitch.data.Settings - Connected to database at voidweaver.dev:27017
2021-03-16T14:53:09,191+07 INFO jarwitch.Main - logging in to Discord
2021-03-16T14:53:09,193+07 INFO jarwitch.Main - preloading setup() methods
2021-03-16T14:53:09,245+07 INFO jarwitch.Main - setup() methods preloaded
2021-03-16T14:53:10,266+07 INFO jarwitch.Main - logged in to Discord as >> 'Jarwitch#3897' [818008080897671208]
2021-03-16T14:53:10,388+07 INFO jarwitch.data.Settings - Connected to database at voidweaver.dev:27017
2021-03-16T15:00:43,953+07 INFO jarwitch.Main - logging in to Discord
2021-03-16T15:00:43,954+07 INFO jarwitch.Main - preloading setup() methods
2021-03-16T15:00:43,992+07 INFO jarwitch.Main - setup() methods preloaded
2021-03-16T15:00:45,034+07 INFO jarwitch.Main - logged in to Discord as >> 'Jarwitch#3897' [818008080897671208]
2021-03-16T15:00:45,125+07 INFO jarwitch.data.Settings - Connected to database at voidweaver.dev:27017
2021-03-16T15:01:07,671+07 INFO jarwitch.Main - logging in to Discord
2021-03-16T15:01:07,672+07 INFO jarwitch.Main - preloading setup() methods
2021-03-16T15:01:07,712+07 INFO jarwitch.Main - setup() methods preloaded
2021-03-16T15:01:08,495+07 INFO jarwitch.Main - logged in to Discord as >> 'Jarwitch#3897' [818008080897671208]
2021-03-16T15:01:08,586+07 INFO jarwitch.data.Settings - Connected to database at voidweaver.dev:27017
2021-03-16T15:03:58,251+07 INFO jarwitch.Main - logging in to Discord
2021-03-16T15:03:58,251+07 INFO jarwitch.Main - preloading setup() methods
2021-03-16T15:03:58,288+07 INFO jarwitch.Main - setup() methods preloaded
2021-03-16T15:03:59,430+07 INFO jarwitch.Main - logged in to Discord as >> 'Jarwitch#3897' [818008080897671208]
2021-03-16T15:03:59,521+07 INFO jarwitch.data.Settings - Connected to database at voidweaver.dev:27017
2021-03-16T15:17:17,453+07 INFO jarwitch.Main - logging in to Discord
2021-03-16T15:17:17,453+07 INFO jarwitch.Main - preloading setup() methods
2021-03-16T15:17:17,489+07 INFO jarwitch.Main - setup() methods preloaded
2021-03-16T15:17:18,557+07 INFO jarwitch.Main - logged in to Discord as >> 'Jarwitch#3897' [818008080897671208]
2021-03-16T15:17:18,653+07 INFO jarwitch.data.Settings - Connected to database at voidweaver.dev:27017
2021-03-16T15:18:50,185+07 INFO jarwitch.Main - logging in to Discord
2021-03-16T15:18:50,185+07 INFO jarwitch.Main - preloading setup() methods
2021-03-16T15:18:50,220+07 INFO jarwitch.Main - setup() methods preloaded
2021-03-16T15:18:51,222+07 INFO jarwitch.Main - logged in to Discord as >> 'Jarwitch#3897' [818008080897671208]
2021-03-16T15:18:51,314+07 INFO jarwitch.data.Settings - Connected to database at voidweaver.dev:27017
2021-03-16T15:42:13,612+07 INFO jarwitch.Main - logging in to Discord
2021-03-16T15:42:13,613+07 INFO jarwitch.Main - preloading setup() methods
2021-03-16T15:42:13,652+07 INFO jarwitch.Main - setup() methods preloaded
2021-03-16T15:42:14,702+07 INFO jarwitch.Main - logged in to Discord as >> 'Jarwitch#3897' [818008080897671208]
2021-03-16T15:42:14,809+07 INFO jarwitch.data.Settings - Connected to database at voidweaver.dev:27017
2021-03-16T15:43:20,847+07 INFO jarwitch.Main - logging in to Discord
2021-03-16T15:43:20,847+07 INFO jarwitch.Main - preloading setup() methods
2021-03-16T15:43:20,884+07 INFO jarwitch.Main - setup() methods preloaded
2021-03-16T15:43:21,969+07 INFO jarwitch.Main - logged in to Discord as >> 'Jarwitch#3897' [818008080897671208]
2021-03-16T15:43:22,062+07 INFO jarwitch.data.Settings - Connected to database at voidweaver.dev:27017
2021-03-16T15:44:28,260+07 INFO jarwitch.Main - logging in to Discord
2021-03-16T15:44:28,261+07 INFO jarwitch.Main - preloading setup() methods
2021-03-16T15:44:28,307+07 INFO jarwitch.Main - setup() methods preloaded
2021-03-16T15:44:29,064+07 INFO jarwitch.Main - logged in to Discord as >> 'Jarwitch#3897' [818008080897671208]
2021-03-16T15:44:29,156+07 INFO jarwitch.data.Settings - Connected to database at voidweaver.dev:27017
2021-03-16T16:06:05,877+07 INFO jarwitch.Main - logging in to Discord
2021-03-16T16:06:05,878+07 INFO jarwitch.Main - preloading setup() methods
2021-03-16T16:06:05,920+07 INFO jarwitch.Main - setup() methods preloaded
2021-03-16T16:06:06,957+07 INFO jarwitch.Main - logged in to Discord as >> 'Jarwitch#3897' [818008080897671208]
2021-03-16T16:06:07,085+07 INFO jarwitch.data.Settings - Connected to database at voidweaver.dev:27017
2021-03-16T16:07:24,015+07 INFO jarwitch.Main - logging in to Discord
2021-03-16T16:07:24,016+07 INFO jarwitch.Main - preloading setup() methods
2021-03-16T16:07:24,061+07 INFO jarwitch.Main - setup() methods preloaded
2021-03-16T16:07:24,791+07 INFO jarwitch.Main - logged in to Discord as >> 'Jarwitch#3897' [818008080897671208]
2021-03-16T16:07:24,878+07 INFO jarwitch.data.Settings - Connected to database at voidweaver.dev:27017
2021-03-16T16:07:36,327+07 WARN jarwitch.Helper - mono() function receives a backtick, it should not.
2021-03-16T16:07:36,328+07 WARN jarwitch.Helper - mono() function receives a backtick, it should not.
2021-03-16T16:07:36,328+07 WARN jarwitch.Helper - mono() function receives a backtick, it should not.
2021-03-16T16:08:34,055+07 INFO jarwitch.Main - logging in to Discord
2021-03-16T16:08:34,057+07 INFO jarwitch.Main - preloading setup() methods
2021-03-16T16:08:34,105+07 INFO jarwitch.Main - setup() methods preloaded
2021-03-16T16:08:35,105+07 INFO jarwitch.Main - logged in to Discord as >> 'Jarwitch#3897' [818008080897671208]
2021-03-16T16:08:35,292+07 INFO jarwitch.data.Settings - Connected to database at voidweaver.dev:27017
2021-03-16T16:10:54,848+07 INFO jarwitch.Main - logging in to Discord
2021-03-16T16:10:54,848+07 INFO jarwitch.Main - preloading setup() methods
2021-03-16T16:10:54,901+07 INFO jarwitch.Main - setup() methods preloaded
2021-03-16T16:10:55,748+07 INFO jarwitch.Main - logged in to Discord as >> 'Jarwitch#3897' [818008080897671208]
2021-03-16T16:10:55,885+07 INFO jarwitch.data.Settings - Connected to database at voidweaver.dev:27017
2021-03-16T16:11:45,323+07 INFO jarwitch.Main - logging in to Discord
2021-03-16T16:11:45,324+07 INFO jarwitch.Main - preloading setup() methods
2021-03-16T16:11:45,370+07 INFO jarwitch.Main - setup() methods preloaded
2021-03-16T16:11:46,121+07 INFO jarwitch.Main - logged in to Discord as >> 'Jarwitch#3897' [818008080897671208]
2021-03-16T16:11:46,213+07 INFO jarwitch.data.Settings - Connected to database at voidweaver.dev:27017
2021-03-16T16:18:41,732+07 INFO jarwitch.Main - logging in to Discord
2021-03-16T16:18:41,732+07 INFO jarwitch.Main - preloading setup() methods
2021-03-16T16:18:41,770+07 INFO jarwitch.Main - setup() methods preloaded
2021-03-16T16:18:42,813+07 INFO jarwitch.Main - logged in to Discord as >> 'Jarwitch#3897' [818008080897671208]
2021-03-16T16:18:42,907+07 INFO jarwitch.data.Settings - Connected to database at voidweaver.dev:27017
2021-03-16T16:24:23,143+07 INFO jarwitch.Main - logging in to Discord
2021-03-16T16:24:23,144+07 INFO jarwitch.Main - preloading setup() methods
2021-03-16T16:24:23,192+07 INFO jarwitch.Main - setup() methods preloaded
2021-03-16T16:24:24,239+07 INFO jarwitch.Main - logged in to Discord as >> 'Jarwitch#3897' [818008080897671208]
2021-03-16T16:24:24,429+07 INFO jarwitch.data.Settings - Connected to database at voidweaver.dev:27017
2021-03-16T16:24:43,241+07 INFO jarwitch.Main - logging in to Discord
2021-03-16T16:24:43,242+07 INFO jarwitch.Main - preloading setup() methods
2021-03-16T16:24:43,286+07 INFO jarwitch.Main - setup() methods preloaded
2021-03-16T16:24:44,075+07 INFO jarwitch.Main - logged in to Discord as >> 'Jarwitch#3897' [818008080897671208]
2021-03-16T16:24:44,161+07 INFO jarwitch.data.Settings - Connected to database at voidweaver.dev:27017
2021-03-16T16:28:43,393+07 INFO jarwitch.Main - logging in to Discord
2021-03-16T16:28:43,394+07 INFO jarwitch.Main - preloading setup() methods
2021-03-16T16:28:43,437+07 INFO jarwitch.Main - setup() methods preloaded
2021-03-16T16:28:44,494+07 INFO jarwitch.Main - logged in to Discord as >> 'Jarwitch#3897' [818008080897671208]
2021-03-16T16:28:44,580+07 INFO jarwitch.data.Settings - Connected to database at voidweaver.dev:27017
2021-03-16T16:30:15,750+07 INFO jarwitch.Main - logging in to Discord
2021-03-16T16:30:15,750+07 INFO jarwitch.Main - preloading setup() methods
2021-03-16T16:30:15,801+07 INFO jarwitch.Main - setup() methods preloaded
2021-03-16T16:30:16,638+07 INFO jarwitch.Main - logged in to Discord as >> 'Jarwitch#3897' [818008080897671208]
2021-03-16T16:30:16,737+07 INFO jarwitch.data.Settings - Connected to database at voidweaver.dev:27017
2021-03-16T16:31:50,723+07 INFO jarwitch.Main - logging in to Discord
2021-03-16T16:31:50,723+07 INFO jarwitch.Main - preloading setup() methods
2021-03-16T16:31:50,767+07 INFO jarwitch.Main - setup() methods preloaded
2021-03-16T16:31:51,573+07 INFO jarwitch.Main - logged in to Discord as >> 'Jarwitch#3897' [818008080897671208]
2021-03-16T16:31:51,665+07 INFO jarwitch.data.Settings - Connected to database at voidweaver.dev:27017
2021-03-16T16:32:48,110+07 INFO jarwitch.Main - logging in to Discord
2021-03-16T16:32:48,111+07 INFO jarwitch.Main - preloading setup() methods
2021-03-16T16:32:48,154+07 INFO jarwitch.Main - setup() methods preloaded
2021-03-16T16:32:48,969+07 INFO jarwitch.Main - logged in to Discord as >> 'Jarwitch#3897' [818008080897671208]
2021-03-16T16:32:49,058+07 INFO jarwitch.data.Settings - Connected to database at voidweaver.dev:27017
2021-03-16T16:38:59,863+07 INFO jarwitch.Main - logging in to Discord
2021-03-16T16:38:59,864+07 INFO jarwitch.Main - preloading setup() methods
2021-03-16T16:38:59,917+07 INFO jarwitch.Main - setup() methods preloaded
2021-03-16T16:39:01,085+07 INFO jarwitch.Main - logged in to Discord as >> 'Jarwitch#3897' [818008080897671208]
2021-03-16T16:39:01,174+07 INFO jarwitch.data.Settings - Connected to database at voidweaver.dev:27017
2021-03-16T16:44:58,624+07 INFO jarwitch.Main - logging in to Discord
2021-03-16T16:44:58,625+07 INFO jarwitch.Main - preloading setup() methods
2021-03-16T16:44:58,664+07 INFO jarwitch.Main - setup() methods preloaded
2021-03-16T16:44:59,610+07 INFO jarwitch.Main - logged in to Discord as >> 'Jarwitch#3897' [818008080897671208]
2021-03-16T16:44:59,698+07 INFO jarwitch.data.Settings - Connected to database at voidweaver.dev:27017
2021-03-16T16:45:19,755+07 INFO jarwitch.Main - logging in to Discord
2021-03-16T16:45:19,756+07 INFO jarwitch.Main - preloading setup() methods
2021-03-16T16:45:19,805+07 INFO jarwitch.Main - setup() methods preloaded
2021-03-16T16:45:20,603+07 INFO jarwitch.Main - logged in to Discord as >> 'Jarwitch#3897' [818008080897671208]
2021-03-16T16:45:20,696+07 INFO jarwitch.data.Settings - Connected to database at voidweaver.dev:27017
2021-03-16T16:49:36,399+07 INFO jarwitch.Main - logging in to Discord
2021-03-16T16:49:36,403+07 INFO jarwitch.Main - preloading setup() methods
2021-03-16T16:49:36,447+07 INFO jarwitch.Main - setup() methods preloaded
2021-03-16T16:49:37,444+07 INFO jarwitch.Main - logged in to Discord as >> 'Jarwitch#3897' [818008080897671208]
2021-03-16T16:49:37,546+07 INFO jarwitch.data.Settings - Connected to database at voidweaver.dev:27017
2021-03-16T16:51:26,988+07 INFO jarwitch.Main - logging in to Discord
2021-03-16T16:51:26,989+07 INFO jarwitch.Main - preloading setup() methods
2021-03-16T16:51:27,033+07 INFO jarwitch.Main - setup() methods preloaded
2021-03-16T16:51:27,828+07 INFO jarwitch.Main - logged in to Discord as >> 'Jarwitch#3897' [818008080897671208]
2021-03-16T16:51:27,937+07 INFO jarwitch.data.Settings - Connected to database at voidweaver.dev:27017
2021-03-16T16:52:24,741+07 INFO jarwitch.Main - logging in to Discord
2021-03-16T16:52:24,742+07 INFO jarwitch.Main - preloading setup() methods
2021-03-16T16:52:24,801+07 INFO jarwitch.Main - setup() methods preloaded
2021-03-16T16:52:25,605+07 INFO jarwitch.Main - logged in to Discord as >> 'Jarwitch#3897' [818008080897671208]
2021-03-16T16:52:25,695+07 INFO jarwitch.data.Settings - Connected to database at voidweaver.dev:27017
2021-03-16T16:53:21,788+07 INFO jarwitch.Main - logging in to Discord
2021-03-16T16:53:21,789+07 INFO jarwitch.Main - preloading setup() methods
2021-03-16T16:53:21,837+07 INFO jarwitch.Main - setup() methods preloaded
2021-03-16T16:53:22,608+07 INFO jarwitch.Main - logged in to Discord as >> 'Jarwitch#3897' [818008080897671208]
2021-03-16T16:53:22,700+07 INFO jarwitch.data.Settings - Connected to database at voidweaver.dev:27017
2021-03-16T16:54:09,111+07 INFO jarwitch.Main - logging in to Discord
2021-03-16T16:54:09,111+07 INFO jarwitch.Main - preloading setup() methods
2021-03-16T16:54:09,147+07 INFO jarwitch.Main - setup() methods preloaded
2021-03-16T16:54:10,268+07 INFO jarwitch.Main - logged in to Discord as >> 'Jarwitch#3897' [818008080897671208]
2021-03-16T16:54:10,358+07 INFO jarwitch.data.Settings - Connected to database at voidweaver.dev:27017
2021-03-16T16:54:48,795+07 INFO jarwitch.Main - logging in to Discord
2021-03-16T16:54:48,796+07 INFO jarwitch.Main - preloading setup() methods
2021-03-16T16:54:48,845+07 INFO jarwitch.Main - setup() methods preloaded
2021-03-16T16:54:49,595+07 INFO jarwitch.Main - logged in to Discord as >> 'Jarwitch#3897' [818008080897671208]
2021-03-16T16:54:49,691+07 INFO jarwitch.data.Settings - Connected to database at voidweaver.dev:27017
2021-03-16T16:55:54,056+07 INFO jarwitch.Main - logging in to Discord
2021-03-16T16:55:54,056+07 INFO jarwitch.Main - preloading setup() methods
2021-03-16T16:55:54,102+07 INFO jarwitch.Main - setup() methods preloaded
2021-03-16T16:55:54,846+07 INFO jarwitch.Main - logged in to Discord as >> 'Jarwitch#3897' [818008080897671208]
2021-03-16T16:55:54,936+07 INFO jarwitch.data.Settings - Connected to database at voidweaver.dev:27017
2021-03-16T16:58:09,412+07 INFO jarwitch.Main - logging in to Discord
2021-03-16T16:58:09,413+07 INFO jarwitch.Main - preloading setup() methods
2021-03-16T16:58:09,462+07 INFO jarwitch.Main - setup() methods preloaded
2021-03-16T16:58:10,246+07 INFO jarwitch.Main - logged in to Discord as >> 'Jarwitch#3897' [818008080897671208]
2021-03-16T16:58:10,340+07 INFO jarwitch.data.Settings - Connected to database at voidweaver.dev:27017
2021-03-16T16:58:32,886+07 INFO jarwitch.Main - logging in to Discord
2021-03-16T16:58:32,887+07 INFO jarwitch.Main - preloading setup() methods
2021-03-16T16:58:32,925+07 INFO jarwitch.Main - setup() methods preloaded
2021-03-16T16:58:33,980+07 INFO jarwitch.Main - logged in to Discord as >> 'Jarwitch#3897' [818008080897671208]
2021-03-16T16:58:34,071+07 INFO jarwitch.data.Settings - Connected to database at voidweaver.dev:27017
2021-03-16T16:59:58,468+07 INFO jarwitch.Main - logging in to Discord
2021-03-16T16:59:58,470+07 INFO jarwitch.Main - preloading setup() methods
2021-03-16T16:59:58,550+07 INFO jarwitch.Main - setup() methods preloaded
2021-03-16T16:59:59,333+07 INFO jarwitch.Main - logged in to Discord as >> 'Jarwitch#3897' [818008080897671208]
2021-03-16T16:59:59,417+07 INFO jarwitch.data.Settings - Connected to database at voidweaver.dev:27017
2021-03-16T17:00:21,124+07 INFO jarwitch.Main - logging in to Discord
2021-03-16T17:00:21,125+07 INFO jarwitch.Main - preloading setup() methods
2021-03-16T17:00:21,174+07 INFO jarwitch.Main - setup() methods preloaded
2021-03-16T17:00:21,909+07 INFO jarwitch.Main - logged in to Discord as >> 'Jarwitch#3897' [818008080897671208]
2021-03-16T17:00:22,016+07 INFO jarwitch.data.Settings - Connected to database at voidweaver.dev:27017
2021-03-16T17:01:03,901+07 INFO jarwitch.Main - logging in to Discord
2021-03-16T17:01:03,902+07 INFO jarwitch.Main - preloading setup() methods
2021-03-16T17:01:03,953+07 INFO jarwitch.Main - setup() methods preloaded
2021-03-16T17:01:04,717+07 INFO jarwitch.Main - logged in to Discord as >> 'Jarwitch#3897' [818008080897671208]
2021-03-16T17:01:04,809+07 INFO jarwitch.data.Settings - Connected to database at voidweaver.dev:27017
2021-03-16T17:21:01,673+07 INFO jarwitch.Main - logging in to Discord
2021-03-16T17:21:01,673+07 INFO jarwitch.Main - preloading setup() methods
2021-03-16T17:21:01,719+07 INFO jarwitch.Main - setup() methods preloaded
2021-03-16T17:21:02,716+07 INFO jarwitch.Main - logged in to Discord as >> 'Jarwitch#3897' [818008080897671208]
2021-03-16T17:21:02,815+07 INFO jarwitch.data.Settings - Connected to database at voidweaver.dev:27017
